<?xml version="1.0" encoding="UTF-8"?>
<testsuite name="com.friney.fairsplit.core.service.ExpenseServiceImplTest" tests="9" skipped="0" failures="0" errors="0" timestamp="2025-05-04T22:46:24" hostname="Friney" time="0.193">
  <properties/>
  <testcase name="testGetDtoById()" classname="com.friney.fairsplit.core.service.ExpenseServiceImplTest" time="0.17"/>
  <testcase name="testGetDtoByIdNotFound()" classname="com.friney.fairsplit.core.service.ExpenseServiceImplTest" time="0.003"/>
  <testcase name="testDeleteWithoutOwner()" classname="com.friney.fairsplit.core.service.ExpenseServiceImplTest" time="0.002"/>
  <testcase name="testCreateReceiptNotFound()" classname="com.friney.fairsplit.core.service.ExpenseServiceImplTest" time="0.002"/>
  <testcase name="testCreate()" classname="com.friney.fairsplit.core.service.ExpenseServiceImplTest" time="0.002"/>
  <testcase name="testDelete()" classname="com.friney.fairsplit.core.service.ExpenseServiceImplTest" time="0.002"/>
  <testcase name="testGetAllByReceiptId()" classname="com.friney.fairsplit.core.service.ExpenseServiceImplTest" time="0.002"/>
  <testcase name="testUpdate()" classname="com.friney.fairsplit.core.service.ExpenseServiceImplTest" time="0.003"/>
  <testcase name="testGetAllByReceiptIdNotFound()" classname="com.friney.fairsplit.core.service.ExpenseServiceImplTest" time="0.003"/>
  <system-out><![CDATA[]]></system-out>
  <system-err><![CDATA[]]></system-err>
</testsuite>
