<?xml version="1.0" encoding="UTF-8"?>
<testsuite name="com.friney.fairsplit.api.controller.UserControllerTest" tests="3" skipped="0" failures="0" errors="0" timestamp="2025-05-04T22:46:23" hostname="Friney" time="0.085">
  <properties/>
  <testcase name="testCreateNotRegisteredUser()" classname="com.friney.fairsplit.api.controller.UserControllerTest" time="0.08"/>
  <testcase name="testGetAll()" classname="com.friney.fairsplit.api.controller.UserControllerTest" time="0.003"/>
  <testcase name="testUpdate()" classname="com.friney.fairsplit.api.controller.UserControllerTest" time="0.002"/>
  <system-out><![CDATA[]]></system-out>
  <system-err><![CDATA[]]></system-err>
</testsuite>
