<?xml version="1.0" encoding="UTF-8"?>
<testsuite name="com.friney.fairsplit.core.service.SummaryServiceImplTest" tests="3" skipped="0" failures="0" errors="0" timestamp="2025-05-04T22:46:27" hostname="Friney" time="0.01">
  <properties/>
  <testcase name="testCalculateSummary()" classname="com.friney.fairsplit.core.service.SummaryServiceImplTest" time="0.003"/>
  <testcase name="testCalculateSummaryEventNotFound()" classname="com.friney.fairsplit.core.service.SummaryServiceImplTest" time="0.003"/>
  <testcase name="testCalculateSummaryNoReceipts()" classname="com.friney.fairsplit.core.service.SummaryServiceImplTest" time="0.002"/>
  <system-out><![CDATA[]]></system-out>
  <system-err><![CDATA[]]></system-err>
</testsuite>
