<?xml version="1.0" encoding="UTF-8"?>
<testsuite name="com.friney.fairsplit.core.service.ReceiptServiceImplTest" tests="10" skipped="0" failures="0" errors="0" timestamp="2025-05-04T22:46:27" hostname="Friney" time="0.224">
  <properties/>
  <testcase name="testGetAllByEventId()" classname="com.friney.fairsplit.core.service.ReceiptServiceImplTest" time="0.188"/>
  <testcase name="testGetDtoById()" classname="com.friney.fairsplit.core.service.ReceiptServiceImplTest" time="0.003"/>
  <testcase name="testGetAllByEventIdEventNotFound()" classname="com.friney.fairsplit.core.service.ReceiptServiceImplTest" time="0.003"/>
  <testcase name="testGetDtoByIdNotFound()" classname="com.friney.fairsplit.core.service.ReceiptServiceImplTest" time="0.003"/>
  <testcase name="testDeleteWithoutOwner()" classname="com.friney.fairsplit.core.service.ReceiptServiceImplTest" time="0.002"/>
  <testcase name="testCreateEventNotFound()" classname="com.friney.fairsplit.core.service.ReceiptServiceImplTest" time="0.003"/>
  <testcase name="testCreateUserNotFound()" classname="com.friney.fairsplit.core.service.ReceiptServiceImplTest" time="0.004"/>
  <testcase name="testCreate()" classname="com.friney.fairsplit.core.service.ReceiptServiceImplTest" time="0.005"/>
  <testcase name="testDelete()" classname="com.friney.fairsplit.core.service.ReceiptServiceImplTest" time="0.004"/>
  <testcase name="testUpdate()" classname="com.friney.fairsplit.core.service.ReceiptServiceImplTest" time="0.003"/>
  <system-out><![CDATA[]]></system-out>
  <system-err><![CDATA[]]></system-err>
</testsuite>
