<?xml version="1.0" encoding="UTF-8"?>
<testsuite name="com.friney.fairsplit.core.service.ExpenseMemberServiceImplTest" tests="8" skipped="0" failures="0" errors="0" timestamp="2025-05-04T22:46:24" hostname="Friney" time="0.248">
  <properties/>
  <testcase name="testGetAllByExpenseIdNotFound()" classname="com.friney.fairsplit.core.service.ExpenseMemberServiceImplTest" time="0.198"/>
  <testcase name="testDeleteWithoutOwner()" classname="com.friney.fairsplit.core.service.ExpenseMemberServiceImplTest" time="0.004"/>
  <testcase name="testGetAllByExpenseId()" classname="com.friney.fairsplit.core.service.ExpenseMemberServiceImplTest" time="0.002"/>
  <testcase name="testCreateUserNotFound()" classname="com.friney.fairsplit.core.service.ExpenseMemberServiceImplTest" time="0.01"/>
  <testcase name="testCreateExpenseNotFound()" classname="com.friney.fairsplit.core.service.ExpenseMemberServiceImplTest" time="0.003"/>
  <testcase name="testCreate()" classname="com.friney.fairsplit.core.service.ExpenseMemberServiceImplTest" time="0.003"/>
  <testcase name="testDelete()" classname="com.friney.fairsplit.core.service.ExpenseMemberServiceImplTest" time="0.003"/>
  <testcase name="testUpdate()" classname="com.friney.fairsplit.core.service.ExpenseMemberServiceImplTest" time="0.021"/>
  <system-out><![CDATA[]]></system-out>
  <system-err><![CDATA[]]></system-err>
</testsuite>
