<?xml version="1.0" encoding="UTF-8"?>
<testsuite name="com.friney.fairsplit.api.controller.ReceiptControllerTest" tests="4" skipped="0" failures="0" errors="0" timestamp="2025-05-04T22:44:23" hostname="Friney" time="0.14">
  <properties/>
  <testcase name="testGetAllByEventId()" classname="com.friney.fairsplit.api.controller.ReceiptControllerTest" time="0.101"/>
  <testcase name="testDeleteReceipt()" classname="com.friney.fairsplit.api.controller.ReceiptControllerTest" time="0.002"/>
  <testcase name="testCreateReceipt()" classname="com.friney.fairsplit.api.controller.ReceiptControllerTest" time="0.017"/>
  <testcase name="testUpdateReceipt()" classname="com.friney.fairsplit.api.controller.ReceiptControllerTest" time="0.017"/>
  <system-out><![CDATA[]]></system-out>
  <system-err><![CDATA[]]></system-err>
</testsuite>
