<?xml version="1.0" encoding="UTF-8"?>
<testsuite name="com.friney.fairsplit.api.controller.UserControllerIT" tests="5" skipped="0" failures="0" errors="0" timestamp="2025-05-04T22:46:18" hostname="Friney" time="4.515">
  <properties/>
  <testcase name="testGetAllUsers()" classname="com.friney.fairsplit.api.controller.UserControllerIT" time="0.844"/>
  <testcase name="testGetAllUsersEmpty()" classname="com.friney.fairsplit.api.controller.UserControllerIT" time="0.016"/>
  <testcase name="testCreateAndGetNotRegisteredUser()" classname="com.friney.fairsplit.api.controller.UserControllerIT" time="3.51"/>
  <testcase name="testCreateTwoNotRegisteredUsersWithSameName()" classname="com.friney.fairsplit.api.controller.UserControllerIT" time="0.038"/>
  <testcase name="testCreateAndGetRegisteredUser()" classname="com.friney.fairsplit.api.controller.UserControllerIT" time="0.103"/>
  <system-out><![CDATA[2025-05-05T05:46:00.147+07:00  INFO 686587 --- [    Test worker] t.c.s.AnnotationConfigContextLoaderUtils : Could not detect default configuration classes for test class [com.friney.fairsplit.api.controller.UserControllerIT]: UserControllerIT does not declare any static, non-private, non-final, nested classes annotated with @Configuration.
2025-05-05T05:46:00.279+07:00  INFO 686587 --- [    Test worker] .b.t.c.SpringBootTestContextBootstrapper : Found @SpringBootConfiguration com.friney.fairsplit.FairSplitApplication for test class com.friney.fairsplit.api.controller.UserControllerIT
2025-05-05T05:46:00.301+07:00  INFO 686587 --- [    Test worker] tc.postgres:16                           : Creating container for image: postgres:16
2025-05-05T05:46:00.352+07:00  INFO 686587 --- [    Test worker] tc.postgres:16                           : Container postgres:16 is starting: 0772fa1e4463e5f5698e455c2c08a308ab80f2dc5248b0f6f6d6cd57e1d17345
2025-05-05T05:46:02.209+07:00  INFO 686587 --- [    Test worker] tc.postgres:16                           : Container postgres:16 started in PT1.907418071S
2025-05-05T05:46:02.209+07:00  INFO 686587 --- [    Test worker] tc.postgres:16                           : Container is started (JDBC URL: jdbc:postgresql://localhost:52384/test?loggerLevel=OFF)

  .   ____          _            __ _ _
 /\\ / ___'_ __ _ _(_)_ __  __ _ \ \ \ \
( ( )\___ | '_ | '_| | '_ \/ _` | \ \ \ \
 \\/  ___)| |_)| | | | | || (_| |  ) ) ) )
  '  |____| .__|_| |_|_| |_\__, | / / / /
 =========|_|==============|___/=/_/_/_/

 :: Spring Boot ::                (v3.4.1)

2025-05-05T05:46:02.466+07:00  INFO 686587 --- [    Test worker] c.f.f.api.controller.UserControllerIT    : Starting UserControllerIT using Java 21.0.6 with PID 686587 (started by friney in /mnt/c/Projects/FairSplit-Backend)
2025-05-05T05:46:02.466+07:00  INFO 686587 --- [    Test worker] c.f.f.api.controller.UserControllerIT    : No active profile set, falling back to 1 default profile: "default"
2025-05-05T05:46:02.491+07:00 DEBUG 686587 --- [    Test worker] o.s.w.c.s.GenericWebApplicationContext   : Refreshing org.springframework.web.context.support.GenericWebApplicationContext@318eb2cf
2025-05-05T05:46:08.951+07:00  INFO 686587 --- [    Test worker] .s.d.r.c.RepositoryConfigurationDelegate : Bootstrapping Spring Data JPA repositories in DEFAULT mode.
2025-05-05T05:46:10.354+07:00  INFO 686587 --- [    Test worker] .s.d.r.c.RepositoryConfigurationDelegate : Finished Spring Data repository scanning in 1396 ms. Found 7 JPA repository interfaces.
2025-05-05T05:46:10.804+07:00  INFO 686587 --- [    Test worker] com.zaxxer.hikari.HikariDataSource       : HikariPool-2 - Starting...
2025-05-05T05:46:10.818+07:00  INFO 686587 --- [    Test worker] com.zaxxer.hikari.pool.HikariPool        : HikariPool-2 - Added connection org.postgresql.jdbc.PgConnection@11f0b86e
2025-05-05T05:46:10.819+07:00  INFO 686587 --- [    Test worker] com.zaxxer.hikari.HikariDataSource       : HikariPool-2 - Start completed.
2025-05-05T05:46:10.821+07:00  INFO 686587 --- [    Test worker] org.flywaydb.core.FlywayExecutor         : Database: jdbc:postgresql://localhost:52384/test?loggerLevel=OFF (PostgreSQL 16.8)
2025-05-05T05:46:10.934+07:00  INFO 686587 --- [    Test worker] o.f.c.i.s.JdbcTableSchemaHistory         : Schema history table "public"."flyway_schema_history" does not exist yet
2025-05-05T05:46:10.935+07:00  INFO 686587 --- [    Test worker] o.f.core.internal.command.DbValidate     : Successfully validated 5 migrations (execution time 00:00.104s)
2025-05-05T05:46:10.946+07:00  INFO 686587 --- [    Test worker] o.f.c.i.s.JdbcTableSchemaHistory         : Creating Schema History table "public"."flyway_schema_history" ...
2025-05-05T05:46:10.963+07:00  INFO 686587 --- [    Test worker] o.f.core.internal.command.DbMigrate      : Current version of schema "public": << Empty Schema >>
2025-05-05T05:46:11.005+07:00  INFO 686587 --- [    Test worker] o.f.core.internal.command.DbMigrate      : Migrating schema "public" to version "1 - create tables"
2025-05-05T05:46:11.063+07:00  INFO 686587 --- [    Test worker] o.f.core.internal.command.DbMigrate      : Migrating schema "public" to version "2 - add trigger unique name for not registered users"
2025-05-05T05:46:11.094+07:00  INFO 686587 --- [    Test worker] o.f.core.internal.command.DbMigrate      : Migrating schema "public" to version "3 - add password for registered users"
2025-05-05T05:46:11.126+07:00  INFO 686587 --- [    Test worker] o.f.core.internal.command.DbMigrate      : Migrating schema "public" to version "4 - owner event column"
2025-05-05T05:46:11.191+07:00  INFO 686587 --- [    Test worker] o.f.core.internal.command.DbMigrate      : Migrating schema "public" to version "5 - add on delete cascade"
2025-05-05T05:46:11.205+07:00  INFO 686587 --- [    Test worker] o.f.core.internal.command.DbMigrate      : Successfully applied 5 migrations to schema "public", now at version v5 (execution time 00:00.044s)
2025-05-05T05:46:11.662+07:00  INFO 686587 --- [    Test worker] o.hibernate.jpa.internal.util.LogHelper  : HHH000204: Processing PersistenceUnitInfo [name: default]
2025-05-05T05:46:11.819+07:00  INFO 686587 --- [    Test worker] o.h.c.internal.RegionFactoryInitiator    : HHH000026: Second-level cache disabled
2025-05-05T05:46:12.146+07:00  INFO 686587 --- [    Test worker] o.s.o.j.p.SpringPersistenceUnitInfo      : No LoadTimeWeaver setup: ignoring JPA class transformer
2025-05-05T05:46:12.184+07:00  INFO 686587 --- [    Test worker] org.hibernate.orm.connections.pooling    : HHH10001005: Database info:
	Database JDBC URL [Connecting through datasource 'HikariDataSource (HikariPool-2)']
	Database driver: undefined/unknown
	Database version: 16.8
	Autocommit mode: undefined/unknown
	Isolation level: undefined/unknown
	Minimum pool size: undefined/unknown
	Maximum pool size: undefined/unknown
2025-05-05T05:46:13.120+07:00  INFO 686587 --- [    Test worker] o.h.e.t.j.p.i.JtaPlatformInitiator       : HHH000489: No JTA platform available (set 'hibernate.transaction.jta.platform' to enable JTA platform integration)
2025-05-05T05:46:13.121+07:00  INFO 686587 --- [    Test worker] j.LocalContainerEntityManagerFactoryBean : Initialized JPA EntityManagerFactory for persistence unit 'default'
2025-05-05T05:46:13.765+07:00  INFO 686587 --- [    Test worker] eAuthenticationProviderManagerConfigurer : Global AuthenticationManager configured with AuthenticationProvider bean with name authenticationProvider
2025-05-05T05:46:13.765+07:00  WARN 686587 --- [    Test worker] r$InitializeUserDetailsManagerConfigurer : Global AuthenticationManager configured with an AuthenticationProvider bean. UserDetailsService beans will not be used by Spring Security for automatically configuring username/password login. Consider removing the AuthenticationProvider bean. Alternatively, consider using the UserDetailsService in a manually instantiated DaoAuthenticationProvider. If the current configuration is intentional, to turn off this warning, increase the logging level of 'org.springframework.security.config.annotation.authentication.configuration.InitializeUserDetailsBeanManagerConfigurer' to ERROR
2025-05-05T05:46:14.598+07:00  WARN 686587 --- [    Test worker] JpaBaseConfiguration$JpaWebConfiguration : spring.jpa.open-in-view is enabled by default. Therefore, database queries may be performed during view rendering. Explicitly configure spring.jpa.open-in-view to disable this warning
2025-05-05T05:46:15.129+07:00 DEBUG 686587 --- [    Test worker] s.w.s.m.m.a.RequestMappingHandlerMapping : 32 mappings in 'requestMappingHandlerMapping'
2025-05-05T05:46:15.692+07:00 DEBUG 686587 --- [    Test worker] o.s.w.s.handler.SimpleUrlHandlerMapping  : Patterns [/webjars/**, /**, /swagger-ui*/*swagger-initializer.js, /swagger-ui*/**] in 'resourceHandlerMapping'
2025-05-05T05:46:16.114+07:00  INFO 686587 --- [    Test worker] o.s.b.a.e.web.EndpointLinksResolver      : Exposing 1 endpoint beneath base path '/actuator'
2025-05-05T05:46:16.841+07:00  INFO 686587 --- [    Test worker] o.s.v.b.OptionalValidatorFactoryBean     : Failed to set up a Bean Validation provider: jakarta.validation.NoProviderFoundException: Unable to create a Configuration, because no Jakarta Bean Validation provider could be found. Add a provider like Hibernate Validator (RI) to your classpath.
2025-05-05T05:46:16.992+07:00 DEBUG 686587 --- [    Test worker] s.w.s.m.m.a.RequestMappingHandlerAdapter : ControllerAdvice beans: 0 @ModelAttribute, 0 @InitBinder, 1 RequestBodyAdvice, 1 ResponseBodyAdvice
2025-05-05T05:46:17.080+07:00 DEBUG 686587 --- [    Test worker] .m.m.a.ExceptionHandlerExceptionResolver : ControllerAdvice beans: 2 @ExceptionHandler, 1 ResponseBodyAdvice
2025-05-05T05:46:18.248+07:00 DEBUG 686587 --- [    Test worker] o.s.w.f.ServerHttpObservationFilter      : Filter 'webMvcObservationFilter' configured for use
2025-05-05T05:46:18.249+07:00  INFO 686587 --- [    Test worker] o.s.b.t.m.w.SpringBootMockServletContext : Initializing Spring TestDispatcherServlet ''
2025-05-05T05:46:18.249+07:00  INFO 686587 --- [    Test worker] o.s.t.web.servlet.TestDispatcherServlet  : Initializing Servlet ''
2025-05-05T05:46:18.250+07:00  INFO 686587 --- [    Test worker] o.s.t.web.servlet.TestDispatcherServlet  : Completed initialization in 1 ms
2025-05-05T05:46:18.373+07:00  INFO 686587 --- [    Test worker] c.f.f.api.controller.UserControllerIT    : Started UserControllerIT in 16.151 seconds (process running for 125.061)
2025-05-05T05:46:18.395+07:00 DEBUG 686587 --- [    Test worker] s.w.s.m.m.a.RequestMappingHandlerMapping : Mapped to com.friney.fairsplit.api.controller.UserController#create(CreateNotRegisteredUserDto)
2025-05-05T05:46:18.397+07:00 DEBUG 686587 --- [    Test worker] m.m.a.RequestResponseBodyMethodProcessor : Read "application/json;charset=UTF-8" to [CreateNotRegisteredUserDto[name=user]]
2025-05-05T05:46:18.400+07:00 DEBUG 686587 --- [    Test worker] org.hibernate.SQL                        : 
    select
        nru1_0.user_id,
        nru1_1.name 
    from
        not_registered_users nru1_0 
    join
        users nru1_1 
            on nru1_0.user_id=nru1_1.id 
    where
        nru1_1.name=?
2025-05-05T05:46:18.405+07:00 DEBUG 686587 --- [    Test worker] org.hibernate.SQL                        : 
    insert 
    into
        users
        (name) 
    values
        (?)
2025-05-05T05:46:18.407+07:00 DEBUG 686587 --- [    Test worker] org.hibernate.SQL                        : 
    insert 
    into
        not_registered_users
        (user_id) 
    values
        (?)
2025-05-05T05:46:18.411+07:00 DEBUG 686587 --- [    Test worker] m.m.a.RequestResponseBodyMethodProcessor : Using 'application/json', given [*/*] and supported [application/json, application/*+json, application/yaml]
2025-05-05T05:46:18.411+07:00 DEBUG 686587 --- [    Test worker] m.m.a.RequestResponseBodyMethodProcessor : Writing [UserDto[id=1, name=user, displayName=user]]
2025-05-05T05:46:19.909+07:00 DEBUG 686587 --- [    Test worker] s.w.s.m.m.a.RequestMappingHandlerMapping : Mapped to com.friney.fairsplit.api.controller.AuthController#register(CreateRegisteredUserDto)
2025-05-05T05:46:19.911+07:00 DEBUG 686587 --- [    Test worker] m.m.a.RequestResponseBodyMethodProcessor : Read "application/json;charset=UTF-8" to [CreateRegisteredUserDto[name=User2, email=email@email.com, password=password, confirmPassword=passwo (truncated)...]
2025-05-05T05:46:19.983+07:00 DEBUG 686587 --- [    Test worker] org.hibernate.SQL                        : 
    select
        ru1_0.user_id,
        ru1_1.name,
        ru1_0.email,
        ru1_0.password 
    from
        registered_users ru1_0 
    join
        users ru1_1 
            on ru1_0.user_id=ru1_1.id 
    where
        ru1_0.email=?
2025-05-05T05:46:19.985+07:00 DEBUG 686587 --- [    Test worker] org.hibernate.SQL                        : 
    insert 
    into
        users
        (name) 
    values
        (?)
2025-05-05T05:46:19.987+07:00 DEBUG 686587 --- [    Test worker] org.hibernate.SQL                        : 
    insert 
    into
        registered_users
        (email, password, user_id) 
    values
        (?, ?, ?)
2025-05-05T05:46:19.988+07:00 DEBUG 686587 --- [    Test worker] m.m.a.RequestResponseBodyMethodProcessor : Using 'application/json', given [*/*] and supported [application/json, application/*+json, application/yaml]
2025-05-05T05:46:19.989+07:00 DEBUG 686587 --- [    Test worker] m.m.a.RequestResponseBodyMethodProcessor : Writing [UserDto[id=2, name=User2, displayName=User2 (email@email.com)]]
2025-05-05T05:46:19.993+07:00 DEBUG 686587 --- [    Test worker] s.w.s.m.m.a.RequestMappingHandlerMapping : Mapped to com.friney.fairsplit.api.controller.UserController#getAll()
2025-05-05T05:46:19.996+07:00 DEBUG 686587 --- [    Test worker] org.hibernate.SQL                        : 
    select
        u1_0.id,
        case 
            when u1_1.user_id is not null 
                then 1 
            when u1_2.user_id is not null 
                then 2 
            when u1_0.id is not null 
                then 0 
        end,
        u1_0.name,
        u1_2.email,
        u1_2.password 
    from
        users u1_0 
    left join
        not_registered_users u1_1 
            on u1_0.id=u1_1.user_id 
    left join
        registered_users u1_2 
            on u1_0.id=u1_2.user_id
2025-05-05T05:46:20.001+07:00 DEBUG 686587 --- [    Test worker] m.m.a.RequestResponseBodyMethodProcessor : Using 'application/json', given [*/*] and supported [application/json, application/*+json, application/yaml]
2025-05-05T05:46:20.002+07:00 DEBUG 686587 --- [    Test worker] m.m.a.RequestResponseBodyMethodProcessor : Writing [[UserDto[id=1, name=user, displayName=user], UserDto[id=2, name=User2, displayName=User2 (email@emai (truncated)...]
2025-05-05T05:46:20.026+07:00 DEBUG 686587 --- [    Test worker] s.w.s.m.m.a.RequestMappingHandlerMapping : Mapped to com.friney.fairsplit.api.controller.UserController#getAll()
2025-05-05T05:46:20.027+07:00 DEBUG 686587 --- [    Test worker] org.hibernate.SQL                        : 
    select
        u1_0.id,
        case 
            when u1_1.user_id is not null 
                then 1 
            when u1_2.user_id is not null 
                then 2 
            when u1_0.id is not null 
                then 0 
        end,
        u1_0.name,
        u1_2.email,
        u1_2.password 
    from
        users u1_0 
    left join
        not_registered_users u1_1 
            on u1_0.id=u1_1.user_id 
    left join
        registered_users u1_2 
            on u1_0.id=u1_2.user_id
2025-05-05T05:46:20.030+07:00 DEBUG 686587 --- [    Test worker] m.m.a.RequestResponseBodyMethodProcessor : Using 'application/json', given [*/*] and supported [application/json, application/*+json, application/yaml]
2025-05-05T05:46:20.030+07:00 DEBUG 686587 --- [    Test worker] m.m.a.RequestResponseBodyMethodProcessor : Writing [[]]
2025-05-05T05:46:20.043+07:00 DEBUG 686587 --- [    Test worker] s.w.s.m.m.a.RequestMappingHandlerMapping : Mapped to com.friney.fairsplit.api.controller.UserController#create(CreateNotRegisteredUserDto)
2025-05-05T05:46:20.044+07:00 DEBUG 686587 --- [    Test worker] m.m.a.RequestResponseBodyMethodProcessor : Read "application/json;charset=UTF-8" to [CreateNotRegisteredUserDto[name=user]]
2025-05-05T05:46:20.046+07:00 DEBUG 686587 --- [    Test worker] org.hibernate.SQL                        : 
    select
        nru1_0.user_id,
        nru1_1.name 
    from
        not_registered_users nru1_0 
    join
        users nru1_1 
            on nru1_0.user_id=nru1_1.id 
    where
        nru1_1.name=?
2025-05-05T05:46:20.048+07:00 DEBUG 686587 --- [    Test worker] org.hibernate.SQL                        : 
    insert 
    into
        users
        (name) 
    values
        (?)
2025-05-05T05:46:20.050+07:00 DEBUG 686587 --- [    Test worker] org.hibernate.SQL                        : 
    insert 
    into
        not_registered_users
        (user_id) 
    values
        (?)
2025-05-05T05:46:20.053+07:00 DEBUG 686587 --- [    Test worker] m.m.a.RequestResponseBodyMethodProcessor : Using 'application/json', given [*/*] and supported [application/json, application/*+json, application/yaml]
2025-05-05T05:46:20.053+07:00 DEBUG 686587 --- [    Test worker] m.m.a.RequestResponseBodyMethodProcessor : Writing [UserDto[id=3, name=user, displayName=user]]
2025-05-05T05:46:22.737+07:00 DEBUG 686587 --- [    Test worker] org.hibernate.SQL                        : 
    select
        count(*) 
    from
        users u1_0 
    where
        u1_0.id=?
2025-05-05T05:46:22.759+07:00 DEBUG 686587 --- [    Test worker] s.w.s.m.m.a.RequestMappingHandlerMapping : Mapped to com.friney.fairsplit.api.controller.UserController#create(CreateNotRegisteredUserDto)
2025-05-05T05:46:22.760+07:00 DEBUG 686587 --- [    Test worker] m.m.a.RequestResponseBodyMethodProcessor : Read "application/json;charset=UTF-8" to [CreateNotRegisteredUserDto[name=user]]
2025-05-05T05:46:22.763+07:00 DEBUG 686587 --- [    Test worker] org.hibernate.SQL                        : 
    select
        nru1_0.user_id,
        nru1_1.name 
    from
        not_registered_users nru1_0 
    join
        users nru1_1 
            on nru1_0.user_id=nru1_1.id 
    where
        nru1_1.name=?
2025-05-05T05:46:22.766+07:00 DEBUG 686587 --- [    Test worker] org.hibernate.SQL                        : 
    insert 
    into
        users
        (name) 
    values
        (?)
2025-05-05T05:46:22.767+07:00 DEBUG 686587 --- [    Test worker] org.hibernate.SQL                        : 
    insert 
    into
        not_registered_users
        (user_id) 
    values
        (?)
2025-05-05T05:46:22.768+07:00 DEBUG 686587 --- [    Test worker] m.m.a.RequestResponseBodyMethodProcessor : Using 'application/json', given [*/*] and supported [application/json, application/*+json, application/yaml]
2025-05-05T05:46:22.769+07:00 DEBUG 686587 --- [    Test worker] m.m.a.RequestResponseBodyMethodProcessor : Writing [UserDto[id=4, name=user, displayName=user]]
2025-05-05T05:46:22.776+07:00 DEBUG 686587 --- [    Test worker] s.w.s.m.m.a.RequestMappingHandlerMapping : Mapped to com.friney.fairsplit.api.controller.UserController#create(CreateNotRegisteredUserDto)
2025-05-05T05:46:22.777+07:00 DEBUG 686587 --- [    Test worker] m.m.a.RequestResponseBodyMethodProcessor : Read "application/json;charset=UTF-8" to [CreateNotRegisteredUserDto[name=user]]
2025-05-05T05:46:22.779+07:00 DEBUG 686587 --- [    Test worker] org.hibernate.SQL                        : 
    select
        nru1_0.user_id,
        nru1_1.name 
    from
        not_registered_users nru1_0 
    join
        users nru1_1 
            on nru1_0.user_id=nru1_1.id 
    where
        nru1_1.name=?
2025-05-05T05:46:22.781+07:00 DEBUG 686587 --- [    Test worker] m.m.a.RequestResponseBodyMethodProcessor : Using 'application/json', given [*/*] and supported [application/json, application/*+json, application/yaml]
2025-05-05T05:46:22.782+07:00 DEBUG 686587 --- [    Test worker] m.m.a.RequestResponseBodyMethodProcessor : Writing [UserDto[id=4, name=user, displayName=user]]
2025-05-05T05:46:22.795+07:00 DEBUG 686587 --- [    Test worker] s.w.s.m.m.a.RequestMappingHandlerMapping : Mapped to com.friney.fairsplit.api.controller.AuthController#register(CreateRegisteredUserDto)
2025-05-05T05:46:22.798+07:00 DEBUG 686587 --- [    Test worker] m.m.a.RequestResponseBodyMethodProcessor : Read "application/json;charset=UTF-8" to [CreateRegisteredUserDto[name=user, email=email@email.com, password=password, confirmPassword=passwor (truncated)...]
2025-05-05T05:46:22.873+07:00 DEBUG 686587 --- [    Test worker] org.hibernate.SQL                        : 
    select
        ru1_0.user_id,
        ru1_1.name,
        ru1_0.email,
        ru1_0.password 
    from
        registered_users ru1_0 
    join
        users ru1_1 
            on ru1_0.user_id=ru1_1.id 
    where
        ru1_0.email=?
2025-05-05T05:46:22.875+07:00 DEBUG 686587 --- [    Test worker] org.hibernate.SQL                        : 
    insert 
    into
        users
        (name) 
    values
        (?)
2025-05-05T05:46:22.877+07:00 DEBUG 686587 --- [    Test worker] org.hibernate.SQL                        : 
    insert 
    into
        registered_users
        (email, password, user_id) 
    values
        (?, ?, ?)
2025-05-05T05:46:22.879+07:00 DEBUG 686587 --- [    Test worker] m.m.a.RequestResponseBodyMethodProcessor : Using 'application/json', given [*/*] and supported [application/json, application/*+json, application/yaml]
2025-05-05T05:46:22.879+07:00 DEBUG 686587 --- [    Test worker] m.m.a.RequestResponseBodyMethodProcessor : Writing [UserDto[id=5, name=user, displayName=user (email@email.com)]]
2025-05-05T05:46:22.888+07:00 DEBUG 686587 --- [    Test worker] org.hibernate.SQL                        : 
    select
        count(*) 
    from
        users u1_0 
    where
        u1_0.id=?
]]></system-out>
  <system-err><![CDATA[]]></system-err>
</testsuite>
