<?xml version="1.0" encoding="UTF-8"?>
<testsuite name="com.friney.fairsplit.core.service.EventServiceImplTest" tests="10" skipped="0" failures="0" errors="0" timestamp="2025-05-04T22:46:24" hostname="Friney" time="0.44">
  <properties/>
  <testcase name="testGetDtoById()" classname="com.friney.fairsplit.core.service.EventServiceImplTest" time="0.388"/>
  <testcase name="testGetByIdNotFound()" classname="com.friney.fairsplit.core.service.EventServiceImplTest" time="0.003"/>
  <testcase name="testGetDtoByIdNotFound()" classname="com.friney.fairsplit.core.service.EventServiceImplTest" time="0.003"/>
  <testcase name="testGetAllByUserDetails()" classname="com.friney.fairsplit.core.service.EventServiceImplTest" time="0.003"/>
  <testcase name="testDeleteWithoutOwner()" classname="com.friney.fairsplit.core.service.EventServiceImplTest" time="0.002"/>
  <testcase name="testGetById()" classname="com.friney.fairsplit.core.service.EventServiceImplTest" time="0.001"/>
  <testcase name="testCreate()" classname="com.friney.fairsplit.core.service.EventServiceImplTest" time="0.011"/>
  <testcase name="testDelete()" classname="com.friney.fairsplit.core.service.EventServiceImplTest" time="0.014"/>
  <testcase name="testGetAllByUserDetailsNoEvents()" classname="com.friney.fairsplit.core.service.EventServiceImplTest" time="0.005"/>
  <testcase name="testUpdate()" classname="com.friney.fairsplit.core.service.EventServiceImplTest" time="0.003"/>
  <system-out><![CDATA[]]></system-out>
  <system-err><![CDATA[]]></system-err>
</testsuite>
