<?xml version="1.0" encoding="UTF-8"?>
<testsuite name="com.friney.fairsplit.core.service.UserServiceImplTest" tests="10" skipped="0" failures="0" errors="0" timestamp="2025-05-04T22:46:27" hostname="Friney" time="0.422">
  <properties/>
  <testcase name="testGetByIdNotFound()" classname="com.friney.fairsplit.core.service.UserServiceImplTest" time="0.383"/>
  <testcase name="testGetById()" classname="com.friney.fairsplit.core.service.UserServiceImplTest" time="0.001"/>
  <testcase name="testAddRegisteredUserRegisteredUser()" classname="com.friney.fairsplit.core.service.UserServiceImplTest" time="0.016"/>
  <testcase name="loadUserByUsername()" classname="com.friney.fairsplit.core.service.UserServiceImplTest" time="0.001"/>
  <testcase name="testUpdateNotRegisteredUser()" classname="com.friney.fairsplit.core.service.UserServiceImplTest" time="0.002"/>
  <testcase name="testGetAllNoUsers()" classname="com.friney.fairsplit.core.service.UserServiceImplTest" time="0.002"/>
  <testcase name="testUpdateRegisteredUser()" classname="com.friney.fairsplit.core.service.UserServiceImplTest" time="0.003"/>
  <testcase name="testGetAll()" classname="com.friney.fairsplit.core.service.UserServiceImplTest" time="0.003"/>
  <testcase name="testAddNotRegisteredUser()" classname="com.friney.fairsplit.core.service.UserServiceImplTest" time="0.002"/>
  <testcase name="testDeleteRegisteredUser()" classname="com.friney.fairsplit.core.service.UserServiceImplTest" time="0.003"/>
  <system-out><![CDATA[]]></system-out>
  <system-err><![CDATA[]]></system-err>
</testsuite>
