<?xml version="1.0" encoding="UTF-8"?>
<testsuite name="com.friney.fairsplit.api.controller.AuthControllerTest" tests="6" skipped="0" failures="0" errors="0" timestamp="2025-05-04T22:44:14" hostname="Friney" time="8.668">
  <properties/>
  <testcase name="testLogin()" classname="com.friney.fairsplit.api.controller.AuthControllerTest" time="7.916"/>
  <testcase name="testChangePassword()" classname="com.friney.fairsplit.api.controller.AuthControllerTest" time="0.664"/>
  <testcase name="testRegister()" classname="com.friney.fairsplit.api.controller.AuthControllerTest" time="0.041"/>
  <testcase name="testRefresh()" classname="com.friney.fairsplit.api.controller.AuthControllerTest" time="0.019"/>
  <testcase name="testDelete()" classname="com.friney.fairsplit.api.controller.AuthControllerTest" time="0.003"/>
  <testcase name="testUpdate()" classname="com.friney.fairsplit.api.controller.AuthControllerTest" time="0.021"/>
  <system-out><![CDATA[]]></system-out>
  <system-err><![CDATA[]]></system-err>
</testsuite>
