<?xml version="1.0" encoding="UTF-8"?>
<testsuite name="com.friney.fairsplit.core.service.JwtServiceImplTest" tests="9" skipped="0" failures="0" errors="0" timestamp="2025-05-04T22:46:25" hostname="Friney" time="1.955">
  <properties/>
  <testcase name="generateRefreshToken()" classname="com.friney.fairsplit.core.service.JwtServiceImplTest" time="1.438"/>
  <testcase name="getSingInKey()" classname="com.friney.fairsplit.core.service.JwtServiceImplTest" time="0.002"/>
  <testcase name="validateTokenWithInvalidToken()" classname="com.friney.fairsplit.core.service.JwtServiceImplTest" time="0.405"/>
  <testcase name="generateJwtToken()" classname="com.friney.fairsplit.core.service.JwtServiceImplTest" time="0.002"/>
  <testcase name="generateAuthToken()" classname="com.friney.fairsplit.core.service.JwtServiceImplTest" time="0.008"/>
  <testcase name="getEmailFromToken()" classname="com.friney.fairsplit.core.service.JwtServiceImplTest" time="0.09"/>
  <testcase name="refreshBaseToken()" classname="com.friney.fairsplit.core.service.JwtServiceImplTest" time="0.002"/>
  <testcase name="validateTokenWithValidToken()" classname="com.friney.fairsplit.core.service.JwtServiceImplTest" time="0.003"/>
  <testcase name="generateToken()" classname="com.friney.fairsplit.core.service.JwtServiceImplTest" time="0.002"/>
  <system-out><![CDATA[2025-05-05T05:46:26.890+07:00  INFO 686587 --- [    Test worker] c.f.f.core.service.jwt.JwtServiceImpl    : class io.jsonwebtoken.MalformedJwtException -> Malformed protected header JSON: Unable to deserialize: Unexpected character ('�' (code 65533 / 0xfffd)): expected a valid value (JSON String, Number, Array, Object or token 'null', 'true' or 'false')
 at [Source: REDACTED (`StreamReadFeature.INCLUDE_SOURCE_IN_LOCATION` disabled); line: 1, column: 1]
]]></system-out>
  <system-err><![CDATA[]]></system-err>
</testsuite>
